[00:10:20] [ServerMain/INFO]: Environment: Environment[sessionHost=https://sessionserver.mojang.com, servicesHost=https://api.minecraftservices.com, name=PROD]
[00:10:22] [ServerMain/INFO]: Loaded 1290 recipes
[00:10:22] [ServerMain/INFO]: Loaded 1399 advancements
[00:10:23] [Server thread/INFO]: Starting minecraft server version 1.21
[00:10:23] [Server thread/INFO]: Loading properties
[00:10:23] [Server thread/INFO]: Default game type: SURVIVAL
[00:10:23] [Server thread/INFO]: Generating keypair
[00:10:23] [Server thread/INFO]: Starting Minecraft server on *:25565
[00:10:23] [Server thread/INFO]: Using epoll channel type
[00:10:23] [Server thread/WARN]: **** SERVER IS RUNNING IN OFFLINE/INSECURE MODE!
[00:10:23] [Server thread/WARN]: The server will make no attempt to authenticate usernames. Beware.
[00:10:23] [Server thread/WARN]: While this makes the game possible to play without internet access, it also opens up the ability for hackers to connect with any username they choose.
[00:10:24] [Server thread/WARN]: To change this, set "online-mode" to "true" in the server.properties file.
[00:10:24] [Server thread/INFO]: Preparing level "world"
[00:10:28] [Server thread/INFO]: Preparing start region for dimension minecraft:overworld
[00:10:28] [Worker-Main-1/INFO]: Preparing spawn area: 0%
[00:10:28] [Worker-Main-1/INFO]: Preparing spawn area: 0%
[00:10:29] [Server thread/INFO]: Time elapsed: 768 ms
[00:10:29] [Server thread/INFO]: Done (5.029s)! For help, type "help"
[00:11:04] [Server thread/INFO]: Billyb0bj03[/127.190.218.165:41641] logged in with entity id 84 at (-5.963008268433614, 74.0, 4.699999988079071)
[00:11:04] [Server thread/INFO]: Billyb0bj03 joined the game
[00:11:10] [Server thread/INFO]: Billyb0bj03 lost connection: Disconnected
[00:11:10] [Server thread/INFO]: Billyb0bj03 left the game
